<?xml version="1.0" encoding="UTF-8"?>
<testsuite xmlns:xsi="http://www.w3.org/2001/XMLSchema-instance" xsi:noNamespaceSchemaLocation="https://maven.apache.org/surefire/maven-surefire-plugin/xsd/surefire-test-report-3.0.xsd" version="3.0" name="UI.JAVATest" time="3.256" tests="1" errors="0" skipped="0" failures="1">
  <properties>
[...]
</properties>
  <testcase name="NigativeTest" classname="UI.JAVATest" time="3.209">
    <failure type="org.opentest4j.AssertionFailedError"><![CDATA[org.opentest4j.AssertionFailedError: Ошибка - не сходится ==> expected: <1> but was: <2>
	at UI.JAVATest.NigativeTest(JAVATest.java:39)
]]></failure>
    <system-out><![CDATA[Просто текст для проверки
]]></system-out>
    <system-err><![CDATA[[main] INFO io.github.bonigarcia.wdm.online.Downloader - Downloading https://storage.googleapis.com/chrome-for-testing-public/134.0.6998.35/linux64/chromedriver-linux64.zip
[main] INFO io.github.bonigarcia.wdm.online.Downloader - Extracting driver from compressed file chromedriver-linux64.zip
[main] INFO io.github.bonigarcia.wdm.WebDriverManager - Exporting webdriver.chrome.driver as /root/.cache/selenium/chromedriver/linux64/134.0.6998.35/chromedriver
Mar 05, 2025 6:01:24 AM org.openqa.selenium.remote.ProtocolHandshake createSession
INFO: Detected dialect: W3C
]]></system-err>
  </testcase>
</testsuite>